# JRE version: OpenJDK Runtime Environment (8.0_242-b01) (build 1.8.0_242-release-1644-b01)
# Java VM: OpenJDK 64-Bit Server VM (25.242-b01 mixed mode windows-amd64 compressed oops)
Heap:
 PSYoungGen      total 229888K, used 166260K [0x00000000d5580000, 0x00000000e4e00000, 0x0000000100000000)
  eden space 215552K, 72% used [0x00000000d5580000,0x00000000ded5dd28,0x00000000e2800000)
  from space 14336K, 74% used [0x00000000e4000000,0x00000000e4a7f580,0x00000000e4e00000)
  to   space 19456K, 0% used [0x00000000e2800000,0x00000000e2800000,0x00000000e3b00000)
 ParOldGen       total 122880K, used 48270K [0x0000000080000000, 0x0000000087800000, 0x00000000d5580000)
  object space 122880K, 39% used [0x0000000080000000,0x0000000082f23ad0,0x0000000087800000)
 Metaspace       used 79769K, capacity 83898K, committed 83992K, reserved 1122304K
  class space    used 10944K, capacity 11758K, committed 11824K, reserved 1048576K
GC Heap History (10 events):
Event: 38.885 GC heap before
{Heap before GC invocations=13 (full 2):
 PSYoungGen      total 153600K, used 150754K [0x00000000d5580000, 0x00000000df880000, 0x0000000100000000)
  eden space 141824K, 100% used [0x00000000d5580000,0x00000000de000000,0x00000000de000000)
  from space 11776K, 75% used [0x00000000dec00000,0x00000000df4b88c8,0x00000000df780000)
  to   space 12288K, 0% used [0x00000000de000000,0x00000000de000000,0x00000000dec00000)
 ParOldGen       total 74752K, used 17798K [0x0000000080000000, 0x0000000084900000, 0x00000000d5580000)
  object space 74752K, 23% used [0x0000000080000000,0x0000000081161968,0x0000000084900000)
 Metaspace       used 52593K, capacity 54672K, committed 54824K, reserved 1097728K
  class space    used 7038K, capacity 7466K, committed 7472K, reserved 1048576K
Event: 38.935 GC heap after
Heap after GC invocations=13 (full 2):
 PSYoungGen      total 154112K, used 12284K [0x00000000d5580000, 0x00000000e2900000, 0x0000000100000000)
  eden space 141824K, 0% used [0x00000000d5580000,0x00000000d5580000,0x00000000de000000)
  from space 12288K, 99% used [0x00000000de000000,0x00000000debff300,0x00000000dec00000)
  to   space 17408K, 0% used [0x00000000e1800000,0x00000000e1800000,0x00000000e2900000)
 ParOldGen       total 74752K, used 28323K [0x0000000080000000, 0x0000000084900000, 0x00000000d5580000)
  object space 74752K, 37% used [0x0000000080000000,0x0000000081ba8fc8,0x0000000084900000)
 Metaspace       used 52593K, capacity 54672K, committed 54824K, reserved 1097728K
  class space    used 7038K, capacity 7466K, committed 7472K, reserved 1048576K
}
Event: 41.399 GC heap before
{Heap before GC invocations=14 (full 2):
 PSYoungGen      total 154112K, used 60732K [0x00000000d5580000, 0x00000000e2900000, 0x0000000100000000)
  eden space 141824K, 34% used [0x00000000d5580000,0x00000000d84cfee0,0x00000000de000000)
  from space 12288K, 99% used [0x00000000de000000,0x00000000debff300,0x00000000dec00000)
  to   space 17408K, 0% used [0x00000000e1800000,0x00000000e1800000,0x00000000e2900000)
 ParOldGen       total 74752K, used 28323K [0x0000000080000000, 0x0000000084900000, 0x00000000d5580000)
  object space 74752K, 37% used [0x0000000080000000,0x0000000081ba8fc8,0x0000000084900000)
 Metaspace       used 56826K, capacity 59138K, committed 59160K, reserved 1099776K
  class space    used 7765K, capacity 8226K, committed 8240K, reserved 1048576K
Event: 41.463 GC heap after
Heap after GC invocations=14 (full 2):
 PSYoungGen      total 199680K, used 5524K [0x00000000d5580000, 0x00000000e2e00000, 0x0000000100000000)
  eden space 182272K, 0% used [0x00000000d5580000,0x00000000d5580000,0x00000000e0780000)
  from space 17408K, 31% used [0x00000000e1800000,0x00000000e1d650c8,0x00000000e2900000)
  to   space 16896K, 0% used [0x00000000e0780000,0x00000000e0780000,0x00000000e1800000)
 ParOldGen       total 74752K, used 40656K [0x0000000080000000, 0x0000000084900000, 0x00000000d5580000)
  object space 74752K, 54% used [0x0000000080000000,0x00000000827b42a8,0x0000000084900000)
 Metaspace       used 56826K, capacity 59138K, committed 59160K, reserved 1099776K
  class space    used 7765K, capacity 8226K, committed 8240K, reserved 1048576K
}
Event: 41.463 GC heap before
{Heap before GC invocations=15 (full 3):
 PSYoungGen      total 199680K, used 5524K [0x00000000d5580000, 0x00000000e2e00000, 0x0000000100000000)
  eden space 182272K, 0% used [0x00000000d5580000,0x00000000d5580000,0x00000000e0780000)
  from space 17408K, 31% used [0x00000000e1800000,0x00000000e1d650c8,0x00000000e2900000)
  to   space 16896K, 0% used [0x00000000e0780000,0x00000000e0780000,0x00000000e1800000)
 ParOldGen       total 74752K, used 40656K [0x0000000080000000, 0x0000000084900000, 0x00000000d5580000)
  object space 74752K, 54% used [0x0000000080000000,0x00000000827b42a8,0x0000000084900000)
 Metaspace       used 56826K, capacity 59138K, committed 59160K, reserved 1099776K
  class space    used 7765K, capacity 8226K, committed 8240K, reserved 1048576K
Event: 42.070 GC heap after
Heap after GC invocations=15 (full 3):
 PSYoungGen      total 199680K, used 0K [0x00000000d5580000, 0x00000000e2e00000, 0x0000000100000000)
  eden space 182272K, 0% used [0x00000000d5580000,0x00000000d5580000,0x00000000e0780000)
  from space 17408K, 0% used [0x00000000e1800000,0x00000000e1800000,0x00000000e2900000)
  to   space 16896K, 0% used [0x00000000e0780000,0x00000000e0780000,0x00000000e1800000)
 ParOldGen       total 122880K, used 39084K [0x0000000080000000, 0x0000000087800000, 0x00000000d5580000)
  object space 122880K, 31% used [0x0000000080000000,0x000000008262b388,0x0000000087800000)
 Metaspace       used 56826K, capacity 59138K, committed 59160K, reserved 1099776K
  class space    used 7765K, capacity 8226K, committed 8240K, reserved 1048576K
}
Event: 52.365 GC heap before
{Heap before GC invocations=16 (full 3):
 PSYoungGen      total 199680K, used 182272K [0x00000000d5580000, 0x00000000e2e00000, 0x0000000100000000)
  eden space 182272K, 100% used [0x00000000d5580000,0x00000000e0780000,0x00000000e0780000)
  from space 17408K, 0% used [0x00000000e1800000,0x00000000e1800000,0x00000000e2900000)
  to   space 16896K, 0% used [0x00000000e0780000,0x00000000e0780000,0x00000000e1800000)
 ParOldGen       total 122880K, used 39084K [0x0000000080000000, 0x0000000087800000, 0x00000000d5580000)
  object space 122880K, 31% used [0x0000000080000000,0x000000008262b388,0x0000000087800000)
 Metaspace       used 64300K, capacity 67218K, committed 67608K, reserved 1107968K
  class space    used 8842K, capacity 9394K, committed 9520K, reserved 1048576K
Event: 52.446 GC heap after
Heap after GC invocations=16 (full 3):
 PSYoungGen      total 199168K, used 16870K [0x00000000d5580000, 0x00000000e5380000, 0x0000000100000000)
  eden space 182272K, 0% used [0x00000000d5580000,0x00000000d5580000,0x00000000e0780000)
  from space 16896K, 99% used [0x00000000e0780000,0x00000000e17f9bd8,0x00000000e1800000)
  to   space 19968K, 0% used [0x00000000e4000000,0x00000000e4000000,0x00000000e5380000)
 ParOldGen       total 122880K, used 39986K [0x0000000080000000, 0x0000000087800000, 0x00000000d5580000)
  object space 122880K, 32% used [0x0000000080000000,0x000000008270ca30,0x0000000087800000)
 Metaspace       used 64300K, capacity 67218K, committed 67608K, reserved 1107968K
  class space    used 8842K, capacity 9394K, committed 9520K, reserved 1048576K
}
Event: 64.995 GC heap before
{Heap before GC invocations=17 (full 3):
 PSYoungGen      total 199168K, used 199142K [0x00000000d5580000, 0x00000000e5380000, 0x0000000100000000)
  eden space 182272K, 100% used [0x00000000d5580000,0x00000000e0780000,0x00000000e0780000)
  from space 16896K, 99% used [0x00000000e0780000,0x00000000e17f9bd8,0x00000000e1800000)
  to   space 19968K, 0% used [0x00000000e4000000,0x00000000e4000000,0x00000000e5380000)
 ParOldGen       total 122880K, used 39986K [0x0000000080000000, 0x0000000087800000, 0x00000000d5580000)
  object space 122880K, 32% used [0x0000000080000000,0x000000008270ca30,0x0000000087800000)
 Metaspace       used 71216K, capacity 74350K, committed 74520K, reserved 1114112K
  class space    used 9618K, capacity 10218K, committed 10288K, reserved 1048576K
Event: 65.044 GC heap after
Heap after GC invocations=17 (full 3):
 PSYoungGen      total 229888K, used 10749K [0x00000000d5580000, 0x00000000e4e00000, 0x0000000100000000)
  eden space 215552K, 0% used [0x00000000d5580000,0x00000000d5580000,0x00000000e2800000)
  from space 14336K, 74% used [0x00000000e4000000,0x00000000e4a7f580,0x00000000e4e00000)
  to   space 19456K, 0% used [0x00000000e2800000,0x00000000e2800000,0x00000000e3b00000)
 ParOldGen       total 122880K, used 48270K [0x0000000080000000, 0x0000000087800000, 0x00000000d5580000)
  object space 122880K, 39% used [0x0000000080000000,0x0000000082f23ad0,0x0000000087800000)
 Metaspace       used 71216K, capacity 74350K, committed 74520K, reserved 1114112K
  class space    used 9618K, capacity 10218K, committed 10288K, reserved 1048576K
}

