# JRE version: OpenJDK Runtime Environment (8.0_242-b01) (build 1.8.0_242-release-1644-b01)
# Java VM: OpenJDK 64-Bit Server VM (25.242-b01 mixed mode windows-amd64 compressed oops)
Heap:
 PSYoungGen      total 595456K, used 43478K [0x00000000d5580000, 0x00000000fce00000, 0x0000000100000000)
  eden space 543232K, 2% used [0x00000000d5580000,0x00000000d636f528,0x00000000f6800000)
  from space 52224K, 55% used [0x00000000f6800000,0x00000000f84864f8,0x00000000f9b00000)
  to   space 47104K, 0% used [0x00000000fa000000,0x00000000fa000000,0x00000000fce00000)
 ParOldGen       total 210944K, used 154299K [0x0000000080000000, 0x000000008ce00000, 0x00000000d5580000)
  object space 210944K, 73% used [0x0000000080000000,0x00000000896aed00,0x000000008ce00000)
 Metaspace       used 116074K, capacity 122352K, committed 123160K, reserved 1157120K
  class space    used 14839K, capacity 16011K, committed 16176K, reserved 1048576K
GC Heap History (10 events):
Event: 12646.065 GC heap before
{Heap before GC invocations=44 (full 5):
 PSYoungGen      total 441856K, used 404171K [0x00000000d5580000, 0x00000000f4700000, 0x0000000100000000)
  eden space 385536K, 100% used [0x00000000d5580000,0x00000000ece00000,0x00000000ece00000)
  from space 56320K, 33% used [0x00000000f1000000,0x00000000f2232d18,0x00000000f4700000)
  to   space 61952K, 0% used [0x00000000ece00000,0x00000000ece00000,0x00000000f0a80000)
 ParOldGen       total 210944K, used 109989K [0x0000000080000000, 0x000000008ce00000, 0x00000000d5580000)
  object space 210944K, 52% used [0x0000000080000000,0x0000000086b69698,0x000000008ce00000)
 Metaspace       used 115932K, capacity 122264K, committed 123160K, reserved 1157120K
  class space    used 14837K, capacity 16009K, committed 16176K, reserved 1048576K
Event: 12646.228 GC heap after
Heap after GC invocations=44 (full 5):
 PSYoungGen      total 447488K, used 18188K [0x00000000d5580000, 0x00000000f8980000, 0x0000000100000000)
  eden space 385536K, 0% used [0x00000000d5580000,0x00000000d5580000,0x00000000ece00000)
  from space 61952K, 29% used [0x00000000ece00000,0x00000000edfc3300,0x00000000f0a80000)
  to   space 59392K, 0% used [0x00000000f4f80000,0x00000000f4f80000,0x00000000f8980000)
 ParOldGen       total 210944K, used 115432K [0x0000000080000000, 0x000000008ce00000, 0x00000000d5580000)
  object space 210944K, 54% used [0x0000000080000000,0x00000000870ba078,0x000000008ce00000)
 Metaspace       used 115932K, capacity 122264K, committed 123160K, reserved 1157120K
  class space    used 14837K, capacity 16009K, committed 16176K, reserved 1048576K
}
Event: 12651.910 GC heap before
{Heap before GC invocations=45 (full 5):
 PSYoungGen      total 447488K, used 403724K [0x00000000d5580000, 0x00000000f8980000, 0x0000000100000000)
  eden space 385536K, 100% used [0x00000000d5580000,0x00000000ece00000,0x00000000ece00000)
  from space 61952K, 29% used [0x00000000ece00000,0x00000000edfc3300,0x00000000f0a80000)
  to   space 59392K, 0% used [0x00000000f4f80000,0x00000000f4f80000,0x00000000f8980000)
 ParOldGen       total 210944K, used 115432K [0x0000000080000000, 0x000000008ce00000, 0x00000000d5580000)
  object space 210944K, 54% used [0x0000000080000000,0x00000000870ba078,0x000000008ce00000)
 Metaspace       used 115955K, capacity 122272K, committed 123160K, reserved 1157120K
  class space    used 14837K, capacity 16009K, committed 16176K, reserved 1048576K
Event: 12652.366 GC heap after
Heap after GC invocations=45 (full 5):
 PSYoungGen      total 515072K, used 24198K [0x00000000d5580000, 0x00000000f8480000, 0x0000000100000000)
  eden space 460800K, 0% used [0x00000000d5580000,0x00000000d5580000,0x00000000f1780000)
  from space 54272K, 44% used [0x00000000f4f80000,0x00000000f6721850,0x00000000f8480000)
  to   space 55808K, 0% used [0x00000000f1780000,0x00000000f1780000,0x00000000f4e00000)
 ParOldGen       total 210944K, used 121934K [0x0000000080000000, 0x000000008ce00000, 0x00000000d5580000)
  object space 210944K, 57% used [0x0000000080000000,0x0000000087713840,0x000000008ce00000)
 Metaspace       used 115955K, capacity 122272K, committed 123160K, reserved 1157120K
  class space    used 14837K, capacity 16009K, committed 16176K, reserved 1048576K
}
Event: 12661.095 GC heap before
{Heap before GC invocations=46 (full 5):
 PSYoungGen      total 515072K, used 484998K [0x00000000d5580000, 0x00000000f8480000, 0x0000000100000000)
  eden space 460800K, 100% used [0x00000000d5580000,0x00000000f1780000,0x00000000f1780000)
  from space 54272K, 44% used [0x00000000f4f80000,0x00000000f6721850,0x00000000f8480000)
  to   space 55808K, 0% used [0x00000000f1780000,0x00000000f1780000,0x00000000f4e00000)
 ParOldGen       total 210944K, used 121934K [0x0000000080000000, 0x000000008ce00000, 0x00000000d5580000)
  object space 210944K, 57% used [0x0000000080000000,0x0000000087713840,0x000000008ce00000)
 Metaspace       used 115981K, capacity 122274K, committed 123160K, reserved 1157120K
  class space    used 14838K, capacity 16010K, committed 16176K, reserved 1048576K
Event: 12662.947 GC heap after
Heap after GC invocations=46 (full 5):
 PSYoungGen      total 516608K, used 16019K [0x00000000d5580000, 0x00000000fd500000, 0x0000000100000000)
  eden space 460800K, 0% used [0x00000000d5580000,0x00000000d5580000,0x00000000f1780000)
  from space 55808K, 28% used [0x00000000f1780000,0x00000000f2724fb8,0x00000000f4e00000)
  to   space 54272K, 0% used [0x00000000fa000000,0x00000000fa000000,0x00000000fd500000)
 ParOldGen       total 210944K, used 137841K [0x0000000080000000, 0x000000008ce00000, 0x00000000d5580000)
  object space 210944K, 65% used [0x0000000080000000,0x000000008869c5b0,0x000000008ce00000)
 Metaspace       used 115981K, capacity 122274K, committed 123160K, reserved 1157120K
  class space    used 14838K, capacity 16010K, committed 16176K, reserved 1048576K
}
Event: 12677.567 GC heap before
{Heap before GC invocations=47 (full 5):
 PSYoungGen      total 516608K, used 476819K [0x00000000d5580000, 0x00000000fd500000, 0x0000000100000000)
  eden space 460800K, 100% used [0x00000000d5580000,0x00000000f1780000,0x00000000f1780000)
  from space 55808K, 28% used [0x00000000f1780000,0x00000000f2724fb8,0x00000000f4e00000)
  to   space 54272K, 0% used [0x00000000fa000000,0x00000000fa000000,0x00000000fd500000)
 ParOldGen       total 210944K, used 137841K [0x0000000080000000, 0x000000008ce00000, 0x00000000d5580000)
  object space 210944K, 65% used [0x0000000080000000,0x000000008869c5b0,0x000000008ce00000)
 Metaspace       used 116012K, capacity 122338K, committed 123160K, reserved 1157120K
  class space    used 14838K, capacity 16010K, committed 16176K, reserved 1048576K
Event: 12677.903 GC heap after
Heap after GC invocations=47 (full 5):
 PSYoungGen      total 590336K, used 15858K [0x00000000d5580000, 0x00000000fce00000, 0x0000000100000000)
  eden space 543232K, 0% used [0x00000000d5580000,0x00000000d5580000,0x00000000f6800000)
  from space 47104K, 33% used [0x00000000fa000000,0x00000000faf7c928,0x00000000fce00000)
  to   space 52224K, 0% used [0x00000000f6800000,0x00000000f6800000,0x00000000f9b00000)
 ParOldGen       total 210944K, used 146598K [0x0000000080000000, 0x000000008ce00000, 0x00000000d5580000)
  object space 210944K, 69% used [0x0000000080000000,0x0000000088f29a78,0x000000008ce00000)
 Metaspace       used 116012K, capacity 122338K, committed 123160K, reserved 1157120K
  class space    used 14838K, capacity 16010K, committed 16176K, reserved 1048576K
}
Event: 12683.762 GC heap before
{Heap before GC invocations=48 (full 5):
 PSYoungGen      total 590336K, used 559090K [0x00000000d5580000, 0x00000000fce00000, 0x0000000100000000)
  eden space 543232K, 100% used [0x00000000d5580000,0x00000000f6800000,0x00000000f6800000)
  from space 47104K, 33% used [0x00000000fa000000,0x00000000faf7c928,0x00000000fce00000)
  to   space 52224K, 0% used [0x00000000f6800000,0x00000000f6800000,0x00000000f9b00000)
 ParOldGen       total 210944K, used 146598K [0x0000000080000000, 0x000000008ce00000, 0x00000000d5580000)
  object space 210944K, 69% used [0x0000000080000000,0x0000000088f29a78,0x000000008ce00000)
 Metaspace       used 116074K, capacity 122352K, committed 123160K, reserved 1157120K
  class space    used 14839K, capacity 16011K, committed 16176K, reserved 1048576K
Event: 12683.939 GC heap after
Heap after GC invocations=48 (full 5):
 PSYoungGen      total 595456K, used 29209K [0x00000000d5580000, 0x00000000fce00000, 0x0000000100000000)
  eden space 543232K, 0% used [0x00000000d5580000,0x00000000d5580000,0x00000000f6800000)
  from space 52224K, 55% used [0x00000000f6800000,0x00000000f84864f8,0x00000000f9b00000)
  to   space 47104K, 0% used [0x00000000fa000000,0x00000000fa000000,0x00000000fce00000)
 ParOldGen       total 210944K, used 154299K [0x0000000080000000, 0x000000008ce00000, 0x00000000d5580000)
  object space 210944K, 73% used [0x0000000080000000,0x00000000896aed00,0x000000008ce00000)
 Metaspace       used 116074K, capacity 122352K, committed 123160K, reserved 1157120K
  class space    used 14839K, capacity 16011K, committed 16176K, reserved 1048576K
}

